[0228/152557.879:ERROR:process_reader_win.cc(114)] NtOpenThread: {Access Denied} A process has requested access to an object, but has not been granted those access rights.  (0xc0000022)
[0228/152557.880:ERROR:exception_snapshot_win.cc(87)] thread ID 1396 not found in process
[0228/152557.880:WARNING:crash_report_exception_handler.cc(60)] ProcessSnapshotWin::Initialize failed
[0228/152557.883:ERROR:process_reader_win.cc(142)] SuspendThread: Access is denied. (0x5)
[0228/152557.884:ERROR:process_reader_win.cc(114)] NtOpenThread: {Access Denied} A process has requested access to an object, but has not been granted those access rights.  (0xc0000022)
[0228/152557.884:ERROR:exception_snapshot_win.cc(87)] thread ID 6904 not found in process
[0228/152557.884:WARNING:crash_report_exception_handler.cc(60)] ProcessSnapshotWin::Initialize failed
[0228/152557.886:ERROR:process_reader_win.cc(114)] NtOpenThread: {Access Denied} A process has requested access to an object, but has not been granted those access rights.  (0xc0000022)
[0228/152557.887:ERROR:exception_snapshot_win.cc(87)] thread ID 8976 not found in process
[0228/152557.887:WARNING:crash_report_exception_handler.cc(60)] ProcessSnapshotWin::Initialize failed
[0228/152557.890:ERROR:process_reader_win.cc(114)] NtOpenThread: {Access Denied} A process has requested access to an object, but has not been granted those access rights.  (0xc0000022)
[0228/152557.891:ERROR:exception_snapshot_win.cc(87)] thread ID 7216 not found in process
[0228/152557.891:WARNING:crash_report_exception_handler.cc(60)] ProcessSnapshotWin::Initialize failed
[0228/152557.900:ERROR:process_reader_win.cc(114)] NtOpenThread: {Access Denied} A process has requested access to an object, but has not been granted those access rights.  (0xc0000022)
[0228/152557.913:ERROR:exception_snapshot_win.cc(87)] thread ID 5364 not found in process
[0228/152557.913:WARNING:crash_report_exception_handler.cc(60)] ProcessSnapshotWin::Initialize failed
[0303/131737.011:ERROR:process_reader_win.cc(114)] NtOpenThread: {Access Denied} A process has requested access to an object, but has not been granted those access rights.  (0xc0000022)
[0303/131737.013:ERROR:process_reader_win.cc(114)] NtOpenThread: {Access Denied} A process has requested access to an object, but has not been granted those access rights.  (0xc0000022)
[0303/131737.212:ERROR:exception_snapshot_win.cc(87)] thread ID 8288 not found in process
[0303/131737.212:ERROR:exception_snapshot_win.cc(87)] thread ID 8508 not found in process
[0303/131737.212:WARNING:crash_report_exception_handler.cc(60)] ProcessSnapshotWin::Initialize failed
[0303/131737.212:WARNING:crash_report_exception_handler.cc(60)] ProcessSnapshotWin::Initialize failed
[0306/171013.417:ERROR:process_reader_win.cc(114)] NtOpenThread: {Access Denied} A process has requested access to an object, but has not been granted those access rights.  (0xc0000022)
[0306/171013.417:ERROR:exception_snapshot_win.cc(87)] thread ID 4892 not found in process
[0306/171013.417:WARNING:crash_report_exception_handler.cc(60)] ProcessSnapshotWin::Initialize failed
[0306/172907.889:ERROR:process_reader_win.cc(114)] NtOpenThread: {Access Denied} A process has requested access to an object, but has not been granted those access rights.  (0xc0000022)
[0306/172907.890:ERROR:exception_snapshot_win.cc(87)] thread ID 11364 not found in process
[0306/172907.890:WARNING:crash_report_exception_handler.cc(60)] ProcessSnapshotWin::Initialize failed
[0306/172907.891:ERROR:process_reader_win.cc(114)] NtOpenThread: {Access Denied} A process has requested access to an object, but has not been granted those access rights.  (0xc0000022)
[0306/172907.893:ERROR:exception_snapshot_win.cc(87)] thread ID 4756 not found in process
[0306/172907.893:WARNING:crash_report_exception_handler.cc(60)] ProcessSnapshotWin::Initialize failed
[0306/172907.893:ERROR:process_reader_win.cc(114)] NtOpenThread: {Access Denied} A process has requested access to an object, but has not been granted those access rights.  (0xc0000022)
[0306/172907.894:ERROR:exception_snapshot_win.cc(87)] thread ID 680 not found in process
[0306/172907.894:WARNING:crash_report_exception_handler.cc(60)] ProcessSnapshotWin::Initialize failed
[0313/192747.935:ERROR:process_reader_win.cc(114)] NtOpenThread: {Access Denied} A process has requested access to an object, but has not been granted those access rights.  (0xc0000022)
[0313/192747.944:ERROR:exception_snapshot_win.cc(87)] thread ID 15332 not found in process
[0313/192747.944:WARNING:crash_report_exception_handler.cc(60)] ProcessSnapshotWin::Initialize failed
[0313/192747.937:ERROR:process_reader_win.cc(114)] NtOpenThread: {Access Denied} A process has requested access to an object, but has not been granted those access rights.  (0xc0000022)
[0313/192747.944:ERROR:exception_snapshot_win.cc(87)] thread ID 19500 not found in process
[0313/192747.944:WARNING:crash_report_exception_handler.cc(60)] ProcessSnapshotWin::Initialize failed
[0313/192747.946:ERROR:process_reader_win.cc(114)] NtOpenThread: {Access Denied} A process has requested access to an object, but has not been granted those access rights.  (0xc0000022)
[0313/192747.948:ERROR:exception_snapshot_win.cc(87)] thread ID 8812 not found in process
[0313/192747.948:WARNING:crash_report_exception_handler.cc(60)] ProcessSnapshotWin::Initialize failed
[0313/193814.369:ERROR:process_reader_win.cc(114)] NtOpenThread: {Access Denied} A process has requested access to an object, but has not been granted those access rights.  (0xc0000022)
[0313/193814.372:ERROR:exception_snapshot_win.cc(87)] thread ID 25472 not found in process
[0313/193814.372:WARNING:crash_report_exception_handler.cc(60)] ProcessSnapshotWin::Initialize failed
[0313/193814.393:ERROR:process_reader_win.cc(114)] NtOpenThread: {Access Denied} A process has requested access to an object, but has not been granted those access rights.  (0xc0000022)
[0313/193814.397:ERROR:exception_snapshot_win.cc(87)] thread ID 5420 not found in process
[0313/193814.397:WARNING:crash_report_exception_handler.cc(60)] ProcessSnapshotWin::Initialize failed
[0313/201412.569:ERROR:process_reader_win.cc(114)] NtOpenThread: {Access Denied} A process has requested access to an object, but has not been granted those access rights.  (0xc0000022)
[0313/201412.570:ERROR:exception_snapshot_win.cc(87)] thread ID 17140 not found in process
[0313/201412.570:WARNING:crash_report_exception_handler.cc(60)] ProcessSnapshotWin::Initialize failed
[0313/201412.586:ERROR:process_reader_win.cc(114)] NtOpenThread: {Access Denied} A process has requested access to an object, but has not been granted those access rights.  (0xc0000022)
[0313/201412.596:ERROR:exception_snapshot_win.cc(87)] thread ID 15288 not found in process
[0313/201412.596:WARNING:crash_report_exception_handler.cc(60)] ProcessSnapshotWin::Initialize failed
[0314/194148.646:ERROR:process_reader_win.cc(114)] NtOpenThread: {Access Denied} A process has requested access to an object, but has not been granted those access rights.  (0xc0000022)
[0314/194148.649:ERROR:process_reader_win.cc(114)] NtOpenThread: {Access Denied} A process has requested access to an object, but has not been granted those access rights.  (0xc0000022)
[0314/194148.656:ERROR:exception_snapshot_win.cc(87)] thread ID 16320 not found in process
[0314/194148.656:ERROR:exception_snapshot_win.cc(87)] thread ID 16200 not found in process
[0314/194148.656:WARNING:crash_report_exception_handler.cc(60)] ProcessSnapshotWin::Initialize failed
[0314/194148.656:WARNING:crash_report_exception_handler.cc(60)] ProcessSnapshotWin::Initialize failed
[0315/113158.060:ERROR:process_reader_win.cc(114)] NtOpenThread: {Access Denied} A process has requested access to an object, but has not been granted those access rights.  (0xc0000022)
[0315/113158.120:ERROR:exception_snapshot_win.cc(87)] thread ID 1168 not found in process
[0315/113158.120:WARNING:crash_report_exception_handler.cc(60)] ProcessSnapshotWin::Initialize failed
[0315/114952.208:ERROR:process_reader_win.cc(114)] NtOpenThread: {Access Denied} A process has requested access to an object, but has not been granted those access rights.  (0xc0000022)
[0315/114952.209:ERROR:exception_snapshot_win.cc(87)] thread ID 6008 not found in process
[0315/114952.209:WARNING:crash_report_exception_handler.cc(60)] ProcessSnapshotWin::Initialize failed
[0315/115419.154:ERROR:process_reader_win.cc(114)] NtOpenThread: {Access Denied} A process has requested access to an object, but has not been granted those access rights.  (0xc0000022)
[0315/115419.155:ERROR:exception_snapshot_win.cc(87)] thread ID 20940 not found in process
[0315/115419.155:WARNING:crash_report_exception_handler.cc(60)] ProcessSnapshotWin::Initialize failed
[0315/134537.472:ERROR:process_reader_win.cc(114)] NtOpenThread: {Access Denied} A process has requested access to an object, but has not been granted those access rights.  (0xc0000022)
[0315/134537.473:ERROR:exception_snapshot_win.cc(87)] thread ID 14476 not found in process
[0315/134537.473:WARNING:crash_report_exception_handler.cc(60)] ProcessSnapshotWin::Initialize failed
[0315/164357.856:ERROR:process_reader_win.cc(114)] NtOpenThread: {Access Denied} A process has requested access to an object, but has not been granted those access rights.  (0xc0000022)
[0315/164357.863:ERROR:exception_snapshot_win.cc(87)] thread ID 18112 not found in process
[0315/164357.863:WARNING:crash_report_exception_handler.cc(60)] ProcessSnapshotWin::Initialize failed
[0317/180506.914:ERROR:process_reader_win.cc(114)] NtOpenThread: {Access Denied} A process has requested access to an object, but has not been granted those access rights.  (0xc0000022)
[0317/180507.039:ERROR:exception_snapshot_win.cc(87)] thread ID 22556 not found in process
[0317/180507.040:WARNING:crash_report_exception_handler.cc(60)] ProcessSnapshotWin::Initialize failed
[0317/181129.482:ERROR:process_reader_win.cc(114)] NtOpenThread: {Access Denied} A process has requested access to an object, but has not been granted those access rights.  (0xc0000022)
[0317/181129.482:ERROR:exception_snapshot_win.cc(87)] thread ID 4780 not found in process
[0317/181129.482:WARNING:crash_report_exception_handler.cc(60)] ProcessSnapshotWin::Initialize failed
[0320/124708.383:ERROR:process_reader_win.cc(114)] NtOpenThread: {Access Denied} A process has requested access to an object, but has not been granted those access rights.  (0xc0000022)
[0320/124708.452:ERROR:exception_snapshot_win.cc(87)] thread ID 3656 not found in process
[0320/124708.452:WARNING:crash_report_exception_handler.cc(60)] ProcessSnapshotWin::Initialize failed
[0320/144237.918:ERROR:process_reader_win.cc(114)] NtOpenThread: {Access Denied} A process has requested access to an object, but has not been granted those access rights.  (0xc0000022)
[0320/144237.955:ERROR:exception_snapshot_win.cc(87)] thread ID 8032 not found in process
[0320/144237.955:WARNING:crash_report_exception_handler.cc(60)] ProcessSnapshotWin::Initialize failed
[0320/144237.936:ERROR:process_reader_win.cc(114)] NtOpenThread: {Access Denied} A process has requested access to an object, but has not been granted those access rights.  (0xc0000022)
[0320/144237.942:ERROR:process_reader_win.cc(114)] NtOpenThread: {Access Denied} A process has requested access to an object, but has not been granted those access rights.  (0xc0000022)
[0320/144237.956:ERROR:exception_snapshot_win.cc(87)] thread ID 8224 not found in process
[0320/144237.956:ERROR:exception_snapshot_win.cc(87)] thread ID 10004 not found in process
[0320/144237.956:WARNING:crash_report_exception_handler.cc(60)] ProcessSnapshotWin::Initialize failed
[0320/144237.956:WARNING:crash_report_exception_handler.cc(60)] ProcessSnapshotWin::Initialize failed
[0320/144237.918:ERROR:process_reader_win.cc(114)] NtOpenThread: {Access Denied} A process has requested access to an object, but has not been granted those access rights.  (0xc0000022)
[0320/144237.956:ERROR:exception_snapshot_win.cc(87)] thread ID 7764 not found in process
[0320/144237.956:WARNING:crash_report_exception_handler.cc(60)] ProcessSnapshotWin::Initialize failed
[0321/182729.982:ERROR:process_reader_win.cc(114)] NtOpenThread: {Access Denied} A process has requested access to an object, but has not been granted those access rights.  (0xc0000022)
[0321/182729.982:ERROR:process_reader_win.cc(114)] NtOpenThread: {Access Denied} A process has requested access to an object, but has not been granted those access rights.  (0xc0000022)
[0321/182730.043:ERROR:exception_snapshot_win.cc(87)] thread ID 9220 not found in process
[0321/182730.043:ERROR:exception_snapshot_win.cc(87)] thread ID 6260 not found in process
[0321/182730.043:WARNING:crash_report_exception_handler.cc(60)] ProcessSnapshotWin::Initialize failed
[0321/182730.043:WARNING:crash_report_exception_handler.cc(60)] ProcessSnapshotWin::Initialize failed
[0323/190119.270:ERROR:process_reader_win.cc(114)] NtOpenThread: {Access Denied} A process has requested access to an object, but has not been granted those access rights.  (0xc0000022)
[0323/190119.270:ERROR:process_reader_win.cc(114)] NtOpenThread: {Access Denied} A process has requested access to an object, but has not been granted those access rights.  (0xc0000022)
[0323/190119.290:ERROR:exception_snapshot_win.cc(87)] thread ID 11460 not found in process
[0323/190119.290:ERROR:exception_snapshot_win.cc(87)] thread ID 11444 not found in process
[0323/190119.290:WARNING:crash_report_exception_handler.cc(60)] ProcessSnapshotWin::Initialize failed
[0323/190119.290:WARNING:crash_report_exception_handler.cc(60)] ProcessSnapshotWin::Initialize failed
[0323/190710.679:ERROR:process_reader_win.cc(114)] NtOpenThread: {Access Denied} A process has requested access to an object, but has not been granted those access rights.  (0xc0000022)
[0323/190710.680:ERROR:exception_snapshot_win.cc(87)] thread ID 11564 not found in process
[0323/190710.680:WARNING:crash_report_exception_handler.cc(60)] ProcessSnapshotWin::Initialize failed
[0323/190710.681:ERROR:process_reader_win.cc(114)] NtOpenThread: {Access Denied} A process has requested access to an object, but has not been granted those access rights.  (0xc0000022)
[0323/190710.682:ERROR:exception_snapshot_win.cc(87)] thread ID 8560 not found in process
[0323/190710.682:WARNING:crash_report_exception_handler.cc(60)] ProcessSnapshotWin::Initialize failed
[0323/193333.656:ERROR:process_reader_win.cc(114)] NtOpenThread: {Access Denied} A process has requested access to an object, but has not been granted those access rights.  (0xc0000022)
[0323/193333.657:ERROR:exception_snapshot_win.cc(87)] thread ID 7292 not found in process
[0323/193333.657:WARNING:crash_report_exception_handler.cc(60)] ProcessSnapshotWin::Initialize failed
[0323/193333.673:ERROR:process_reader_win.cc(114)] NtOpenThread: {Access Denied} A process has requested access to an object, but has not been granted those access rights.  (0xc0000022)
[0323/193333.675:ERROR:exception_snapshot_win.cc(87)] thread ID 6592 not found in process
[0323/193333.675:WARNING:crash_report_exception_handler.cc(60)] ProcessSnapshotWin::Initialize failed
[0323/194206.510:ERROR:process_reader_win.cc(114)] NtOpenThread: {Access Denied} A process has requested access to an object, but has not been granted those access rights.  (0xc0000022)
[0323/194206.511:ERROR:exception_snapshot_win.cc(87)] thread ID 10548 not found in process
[0323/194206.511:WARNING:crash_report_exception_handler.cc(60)] ProcessSnapshotWin::Initialize failed
[0323/194206.518:ERROR:process_reader_win.cc(114)] NtOpenThread: {Access Denied} A process has requested access to an object, but has not been granted those access rights.  (0xc0000022)
[0323/194206.520:ERROR:exception_snapshot_win.cc(87)] thread ID 12004 not found in process
[0323/194206.520:WARNING:crash_report_exception_handler.cc(60)] ProcessSnapshotWin::Initialize failed
[0406/162338.558:ERROR:process_reader_win.cc(114)] NtOpenThread: {Access Denied} A process has requested access to an object, but has not been granted those access rights.  (0xc0000022)
[0406/162338.624:ERROR:exception_snapshot_win.cc(87)] thread ID 7520 not found in process
[0406/162338.624:WARNING:crash_report_exception_handler.cc(60)] ProcessSnapshotWin::Initialize failed
[0411/143415.478:ERROR:process_reader_win.cc(114)] NtOpenThread: {Access Denied} A process has requested access to an object, but has not been granted those access rights.  (0xc0000022)
[0411/143415.511:ERROR:exception_snapshot_win.cc(87)] thread ID 14056 not found in process
[0411/143415.511:WARNING:crash_report_exception_handler.cc(60)] ProcessSnapshotWin::Initialize failed
[0421/125036.229:ERROR:process_reader_win.cc(114)] NtOpenThread: {Access Denied} A process has requested access to an object, but has not been granted those access rights.  (0xc0000022)
[0421/125036.287:ERROR:exception_snapshot_win.cc(87)] thread ID 2828 not found in process
[0421/125036.287:WARNING:crash_report_exception_handler.cc(60)] ProcessSnapshotWin::Initialize failed
[0421/125036.229:ERROR:process_reader_win.cc(114)] NtOpenThread: {Access Denied} A process has requested access to an object, but has not been granted those access rights.  (0xc0000022)
[0421/125036.287:ERROR:exception_snapshot_win.cc(87)] thread ID 6508 not found in process
[0421/125036.287:WARNING:crash_report_exception_handler.cc(60)] ProcessSnapshotWin::Initialize failed
[0421/171613.039:ERROR:process_reader_win.cc(142)] SuspendThread: Access is denied. (0x5)
[0421/171613.066:ERROR:process_reader_win.cc(114)] NtOpenThread: {Access Denied} A process has requested access to an object, but has not been granted those access rights.  (0xc0000022)
[0421/171613.119:ERROR:exception_snapshot_win.cc(87)] thread ID 8904 not found in process
[0421/171613.119:WARNING:crash_report_exception_handler.cc(60)] ProcessSnapshotWin::Initialize failed
[0421/171613.119:ERROR:process_reader_win.cc(114)] NtOpenThread: {Access Denied} A process has requested access to an object, but has not been granted those access rights.  (0xc0000022)
[0421/171613.119:ERROR:exception_snapshot_win.cc(87)] thread ID 6716 not found in process
[0421/171613.119:WARNING:crash_report_exception_handler.cc(60)] ProcessSnapshotWin::Initialize failed
[0421/173058.402:ERROR:process_reader_win.cc(114)] NtOpenThread: {Access Denied} A process has requested access to an object, but has not been granted those access rights.  (0xc0000022)
[0421/173058.403:ERROR:exception_snapshot_win.cc(87)] thread ID 7744 not found in process
[0421/173058.403:WARNING:crash_report_exception_handler.cc(60)] ProcessSnapshotWin::Initialize failed
[0421/173058.405:ERROR:process_reader_win.cc(114)] NtOpenThread: {Access Denied} A process has requested access to an object, but has not been granted those access rights.  (0xc0000022)
[0421/173058.405:ERROR:exception_snapshot_win.cc(87)] thread ID 9212 not found in process
[0421/173058.406:WARNING:crash_report_exception_handler.cc(60)] ProcessSnapshotWin::Initialize failed
[0421/173750.556:ERROR:process_reader_win.cc(114)] NtOpenThread: {Access Denied} A process has requested access to an object, but has not been granted those access rights.  (0xc0000022)
[0421/173750.557:ERROR:exception_snapshot_win.cc(87)] thread ID 8100 not found in process
[0421/173750.557:WARNING:crash_report_exception_handler.cc(60)] ProcessSnapshotWin::Initialize failed
[0421/173750.567:ERROR:process_reader_win.cc(114)] NtOpenThread: {Access Denied} A process has requested access to an object, but has not been granted those access rights.  (0xc0000022)
[0421/173750.571:ERROR:exception_snapshot_win.cc(87)] thread ID 8628 not found in process
[0421/173750.571:WARNING:crash_report_exception_handler.cc(60)] ProcessSnapshotWin::Initialize failed
[0421/174340.453:ERROR:process_reader_win.cc(142)] SuspendThread: Access is denied. (0x5)
[0421/174340.470:ERROR:process_reader_win.cc(142)] SuspendThread: Access is denied. (0x5)
[0421/174340.452:ERROR:process_reader_win.cc(142)] SuspendThread: Access is denied. (0x5)
[0421/174340.470:ERROR:process_reader_win.cc(114)] NtOpenThread: {Access Denied} A process has requested access to an object, but has not been granted those access rights.  (0xc0000022)
[0421/174340.470:ERROR:exception_snapshot_win.cc(87)] thread ID 9028 not found in process
[0421/174340.470:WARNING:crash_report_exception_handler.cc(60)] ProcessSnapshotWin::Initialize failed
[0421/174340.470:ERROR:process_reader_win.cc(114)] NtOpenThread: {Access Denied} A process has requested access to an object, but has not been granted those access rights.  (0xc0000022)
[0421/174340.472:ERROR:exception_snapshot_win.cc(87)] thread ID 7592 not found in process
[0421/174340.472:WARNING:crash_report_exception_handler.cc(60)] ProcessSnapshotWin::Initialize failed
[0421/175217.207:ERROR:process_reader_win.cc(114)] NtOpenThread: {Access Denied} A process has requested access to an object, but has not been granted those access rights.  (0xc0000022)
[0421/175217.207:ERROR:exception_snapshot_win.cc(87)] thread ID 1016 not found in process
[0421/175217.207:WARNING:crash_report_exception_handler.cc(60)] ProcessSnapshotWin::Initialize failed
[0421/175217.212:ERROR:process_reader_win.cc(114)] NtOpenThread: {Access Denied} A process has requested access to an object, but has not been granted those access rights.  (0xc0000022)
[0421/175217.213:ERROR:exception_snapshot_win.cc(87)] thread ID 572 not found in process
[0421/175217.213:WARNING:crash_report_exception_handler.cc(60)] ProcessSnapshotWin::Initialize failed
[0422/114259.827:ERROR:process_reader_win.cc(142)] SuspendThread: Access is denied. (0x5)
[0422/114259.821:ERROR:process_reader_win.cc(142)] SuspendThread: Access is denied. (0x5)
[0422/114300.293:ERROR:process_reader_win.cc(142)] SuspendThread: Access is denied. (0x5)
[0422/114300.293:ERROR:process_reader_win.cc(142)] SuspendThread: Access is denied. (0x5)
[0422/114300.293:ERROR:process_reader_win.cc(142)] SuspendThread: Access is denied. (0x5)
[0422/114300.293:ERROR:process_reader_win.cc(142)] SuspendThread: Access is denied. (0x5)
[0422/114300.293:ERROR:process_reader_win.cc(114)] NtOpenThread: An invalid Client ID was specified.  (0xc000000b)
[0422/114300.293:ERROR:process_reader_win.cc(114)] NtOpenThread: An invalid Client ID was specified.  (0xc000000b)
[0422/114300.295:ERROR:process_reader_win.cc(142)] SuspendThread: Access is denied. (0x5)
[0422/114300.295:ERROR:process_reader_win.cc(142)] SuspendThread: Access is denied. (0x5)
[0422/114300.295:ERROR:process_reader_win.cc(142)] SuspendThread: Access is denied. (0x5)
[0422/114300.295:ERROR:process_reader_win.cc(142)] SuspendThread: Access is denied. (0x5)
[0422/114300.295:ERROR:process_reader_win.cc(142)] SuspendThread: Access is denied. (0x5)
[0422/114300.295:ERROR:process_reader_win.cc(142)] SuspendThread: Access is denied. (0x5)
[0422/114300.295:ERROR:process_reader_win.cc(142)] SuspendThread: Access is denied. (0x5)
[0422/114300.295:ERROR:process_reader_win.cc(142)] SuspendThread: Access is denied. (0x5)
[0422/114300.295:ERROR:process_reader_win.cc(142)] SuspendThread: Access is denied. (0x5)
[0422/114300.295:ERROR:process_reader_win.cc(142)] SuspendThread: Access is denied. (0x5)
[0422/114300.295:ERROR:process_reader_win.cc(142)] SuspendThread: Access is denied. (0x5)
[0422/114300.295:ERROR:process_reader_win.cc(142)] SuspendThread: Access is denied. (0x5)
[0422/114300.295:ERROR:process_reader_win.cc(142)] SuspendThread: Access is denied. (0x5)
[0422/114300.295:ERROR:process_reader_win.cc(142)] SuspendThread: Access is denied. (0x5)
[0422/114300.295:ERROR:process_reader_win.cc(142)] SuspendThread: Access is denied. (0x5)
[0422/114300.295:ERROR:process_reader_win.cc(142)] SuspendThread: Access is denied. (0x5)
[0422/114300.295:ERROR:process_reader_win.cc(142)] SuspendThread: Access is denied. (0x5)
[0422/114300.295:ERROR:process_reader_win.cc(142)] SuspendThread: Access is denied. (0x5)
[0422/114300.295:ERROR:process_reader_win.cc(142)] SuspendThread: Access is denied. (0x5)
[0422/114300.295:ERROR:process_reader_win.cc(142)] SuspendThread: Access is denied. (0x5)
[0422/114300.295:ERROR:process_reader_win.cc(114)] NtOpenThread: {Access Denied} A process has requested access to an object, but has not been granted those access rights.  (0xc0000022)
[0422/114300.295:ERROR:process_reader_win.cc(142)] SuspendThread: Access is denied. (0x5)
[0422/114300.295:ERROR:exception_snapshot_win.cc(87)] thread ID 9308 not found in process
[0422/114300.295:ERROR:process_reader_win.cc(114)] NtOpenThread: {Access Denied} A process has requested access to an object, but has not been granted those access rights.  (0xc0000022)
[0422/114300.295:ERROR:exception_snapshot_win.cc(87)] thread ID 10256 not found in process
[0422/114300.295:WARNING:crash_report_exception_handler.cc(60)] ProcessSnapshotWin::Initialize failed
[0422/114300.295:WARNING:crash_report_exception_handler.cc(60)] ProcessSnapshotWin::Initialize failed
[0422/170654.316:ERROR:process_reader_win.cc(114)] NtOpenThread: {Access Denied} A process has requested access to an object, but has not been granted those access rights.  (0xc0000022)
[0422/170654.329:ERROR:exception_snapshot_win.cc(87)] thread ID 4684 not found in process
[0422/170654.329:WARNING:crash_report_exception_handler.cc(60)] ProcessSnapshotWin::Initialize failed
[0422/170654.322:ERROR:process_reader_win.cc(114)] NtOpenThread: {Access Denied} A process has requested access to an object, but has not been granted those access rights.  (0xc0000022)
[0422/170654.329:ERROR:exception_snapshot_win.cc(87)] thread ID 12104 not found in process
[0422/170654.329:WARNING:crash_report_exception_handler.cc(60)] ProcessSnapshotWin::Initialize failed
[0422/171705.770:ERROR:process_reader_win.cc(114)] NtOpenThread: {Access Denied} A process has requested access to an object, but has not been granted those access rights.  (0xc0000022)
[0422/171705.770:ERROR:exception_snapshot_win.cc(87)] thread ID 11592 not found in process
[0422/171705.770:WARNING:crash_report_exception_handler.cc(60)] ProcessSnapshotWin::Initialize failed
[0422/171705.791:ERROR:process_reader_win.cc(114)] NtOpenThread: {Access Denied} A process has requested access to an object, but has not been granted those access rights.  (0xc0000022)
[0422/171705.791:ERROR:exception_snapshot_win.cc(87)] thread ID 9128 not found in process
[0422/171705.791:WARNING:crash_report_exception_handler.cc(60)] ProcessSnapshotWin::Initialize failed
[0424/183434.894:ERROR:process_reader_win.cc(114)] NtOpenThread: {Access Denied} A process has requested access to an object, but has not been granted those access rights.  (0xc0000022)
[0424/183434.949:ERROR:exception_snapshot_win.cc(87)] thread ID 9184 not found in process
[0424/183434.949:WARNING:crash_report_exception_handler.cc(60)] ProcessSnapshotWin::Initialize failed
[0424/183434.904:ERROR:process_reader_win.cc(114)] NtOpenThread: {Access Denied} A process has requested access to an object, but has not been granted those access rights.  (0xc0000022)
[0424/183434.917:ERROR:process_reader_win.cc(114)] NtOpenThread: {Access Denied} A process has requested access to an object, but has not been granted those access rights.  (0xc0000022)
[0424/183434.950:ERROR:exception_snapshot_win.cc(87)] thread ID 4120 not found in process
[0424/183434.950:ERROR:exception_snapshot_win.cc(87)] thread ID 11896 not found in process
[0424/183434.950:WARNING:crash_report_exception_handler.cc(60)] ProcessSnapshotWin::Initialize failed
[0424/183434.950:WARNING:crash_report_exception_handler.cc(60)] ProcessSnapshotWin::Initialize failed
[0425/111525.191:ERROR:process_reader_win.cc(114)] NtOpenThread: {Access Denied} A process has requested access to an object, but has not been granted those access rights.  (0xc0000022)
[0425/111525.191:ERROR:process_reader_win.cc(114)] NtOpenThread: {Access Denied} A process has requested access to an object, but has not been granted those access rights.  (0xc0000022)
[0425/111525.343:ERROR:exception_snapshot_win.cc(87)] thread ID 1352 not found in process
[0425/111525.343:ERROR:exception_snapshot_win.cc(87)] thread ID 6768 not found in process
[0425/111525.343:WARNING:crash_report_exception_handler.cc(60)] ProcessSnapshotWin::Initialize failed
[0425/111525.343:WARNING:crash_report_exception_handler.cc(60)] ProcessSnapshotWin::Initialize failed
[0425/112713.222:ERROR:process_reader_win.cc(142)] SuspendThread: Access is denied. (0x5)
[0425/112713.238:ERROR:process_reader_win.cc(142)] SuspendThread: Access is denied. (0x5)
[0425/112713.238:ERROR:process_reader_win.cc(142)] SuspendThread: Access is denied. (0x5)
[0425/112713.238:ERROR:process_reader_win.cc(142)] SuspendThread: Access is denied. (0x5)
[0425/112713.238:ERROR:process_reader_win.cc(114)] NtOpenThread: {Access Denied} A process has requested access to an object, but has not been granted those access rights.  (0xc0000022)
[0425/112713.238:ERROR:exception_snapshot_win.cc(87)] thread ID 13200 not found in process
[0425/112713.238:WARNING:crash_report_exception_handler.cc(60)] ProcessSnapshotWin::Initialize failed
[0425/112713.241:ERROR:process_reader_win.cc(114)] NtOpenThread: {Access Denied} A process has requested access to an object, but has not been granted those access rights.  (0xc0000022)
[0425/112713.242:ERROR:exception_snapshot_win.cc(87)] thread ID 10764 not found in process
[0425/112713.242:WARNING:crash_report_exception_handler.cc(60)] ProcessSnapshotWin::Initialize failed
[0426/163339.986:ERROR:process_reader_win.cc(114)] NtOpenThread: {Access Denied} A process has requested access to an object, but has not been granted those access rights.  (0xc0000022)
[0426/163340.009:ERROR:exception_snapshot_win.cc(87)] thread ID 4168 not found in process
[0426/163340.009:WARNING:crash_report_exception_handler.cc(60)] ProcessSnapshotWin::Initialize failed
[0427/104824.900:ERROR:process_reader_win.cc(114)] NtOpenThread: {Access Denied} A process has requested access to an object, but has not been granted those access rights.  (0xc0000022)
[0427/104825.049:ERROR:exception_snapshot_win.cc(87)] thread ID 7540 not found in process
[0427/104825.049:WARNING:crash_report_exception_handler.cc(60)] ProcessSnapshotWin::Initialize failed
[0428/114644.248:ERROR:process_reader_win.cc(114)] NtOpenThread: {Access Denied} A process has requested access to an object, but has not been granted those access rights.  (0xc0000022)
[0428/114644.279:ERROR:exception_snapshot_win.cc(87)] thread ID 13384 not found in process
[0428/114644.279:WARNING:crash_report_exception_handler.cc(60)] ProcessSnapshotWin::Initialize failed
[0428/114644.249:ERROR:process_reader_win.cc(114)] NtOpenThread: {Access Denied} A process has requested access to an object, but has not been granted those access rights.  (0xc0000022)
[0428/114644.279:ERROR:exception_snapshot_win.cc(87)] thread ID 14008 not found in process
[0428/114644.279:WARNING:crash_report_exception_handler.cc(60)] ProcessSnapshotWin::Initialize failed
[0428/121143.420:ERROR:process_reader_win.cc(114)] NtOpenThread: {Access Denied} A process has requested access to an object, but has not been granted those access rights.  (0xc0000022)
[0428/121143.421:ERROR:exception_snapshot_win.cc(87)] thread ID 17460 not found in process
[0428/121143.421:WARNING:crash_report_exception_handler.cc(60)] ProcessSnapshotWin::Initialize failed
[0428/121143.446:ERROR:process_reader_win.cc(114)] NtOpenThread: {Access Denied} A process has requested access to an object, but has not been granted those access rights.  (0xc0000022)
[0428/121143.448:ERROR:exception_snapshot_win.cc(87)] thread ID 7104 not found in process
[0428/121143.448:WARNING:crash_report_exception_handler.cc(60)] ProcessSnapshotWin::Initialize failed
[0505/170045.029:ERROR:process_reader_win.cc(114)] NtOpenThread: {Access Denied} A process has requested access to an object, but has not been granted those access rights.  (0xc0000022)
[0505/170045.236:ERROR:exception_snapshot_win.cc(87)] thread ID 10764 not found in process
[0505/170045.236:WARNING:crash_report_exception_handler.cc(60)] ProcessSnapshotWin::Initialize failed
[0518/111736.135:ERROR:process_reader_win.cc(114)] NtOpenThread: {Access Denied} A process has requested access to an object, but has not been granted those access rights.  (0xc0000022)
[0518/111736.174:ERROR:exception_snapshot_win.cc(87)] thread ID 13184 not found in process
[0518/111736.174:WARNING:crash_report_exception_handler.cc(60)] ProcessSnapshotWin::Initialize failed
[0531/125002.344:ERROR:process_reader_win.cc(114)] NtOpenThread: {Access Denied} A process has requested access to an object, but has not been granted those access rights.  (0xc0000022)
[0531/125002.358:ERROR:exception_snapshot_win.cc(87)] thread ID 12428 not found in process
[0531/125002.358:WARNING:crash_report_exception_handler.cc(60)] ProcessSnapshotWin::Initialize failed
[0602/173719.484:ERROR:process_reader_win.cc(114)] NtOpenThread: {Access Denied} A process has requested access to an object, but has not been granted those access rights.  (0xc0000022)
[0602/173719.777:ERROR:exception_snapshot_win.cc(87)] thread ID 9564 not found in process
[0602/173719.777:WARNING:crash_report_exception_handler.cc(60)] ProcessSnapshotWin::Initialize failed
[0605/114535.780:ERROR:process_reader_win.cc(114)] NtOpenThread: {Access Denied} A process has requested access to an object, but has not been granted those access rights.  (0xc0000022)
[0605/114535.797:ERROR:exception_snapshot_win.cc(87)] thread ID 4092 not found in process
[0605/114535.797:WARNING:crash_report_exception_handler.cc(60)] ProcessSnapshotWin::Initialize failed
[0605/175804.423:ERROR:process_reader_win.cc(114)] NtOpenThread: {Access Denied} A process has requested access to an object, but has not been granted those access rights.  (0xc0000022)
[0605/175804.450:ERROR:exception_snapshot_win.cc(87)] thread ID 9604 not found in process
[0605/175804.450:WARNING:crash_report_exception_handler.cc(60)] ProcessSnapshotWin::Initialize failed
[0605/194242.428:ERROR:process_reader_win.cc(114)] NtOpenThread: {Access Denied} A process has requested access to an object, but has not been granted those access rights.  (0xc0000022)
[0605/194242.630:ERROR:exception_snapshot_win.cc(87)] thread ID 10196 not found in process
[0605/194242.630:WARNING:crash_report_exception_handler.cc(60)] ProcessSnapshotWin::Initialize failed
[0629/153901.803:ERROR:process_reader_win.cc(114)] NtOpenThread: {Access Denied} A process has requested access to an object, but has not been granted those access rights.  (0xc0000022)
[0629/153901.834:ERROR:exception_snapshot_win.cc(87)] thread ID 14972 not found in process
[0629/153901.834:WARNING:crash_report_exception_handler.cc(60)] ProcessSnapshotWin::Initialize failed
[0629/163635.467:ERROR:process_reader_win.cc(142)] SuspendThread: Access is denied. (0x5)
[0629/163635.482:ERROR:process_reader_win.cc(114)] NtOpenThread: {Access Denied} A process has requested access to an object, but has not been granted those access rights.  (0xc0000022)
[0629/163635.484:ERROR:exception_snapshot_win.cc(87)] thread ID 16192 not found in process
[0629/163635.484:WARNING:crash_report_exception_handler.cc(60)] ProcessSnapshotWin::Initialize failed
[0629/164035.656:ERROR:process_reader_win.cc(114)] NtOpenThread: {Access Denied} A process has requested access to an object, but has not been granted those access rights.  (0xc0000022)
[0629/164035.657:ERROR:exception_snapshot_win.cc(87)] thread ID 7572 not found in process
[0629/164035.657:WARNING:crash_report_exception_handler.cc(60)] ProcessSnapshotWin::Initialize failed
[0629/174058.752:ERROR:process_reader_win.cc(114)] NtOpenThread: {Access Denied} A process has requested access to an object, but has not been granted those access rights.  (0xc0000022)
[0629/174058.754:ERROR:exception_snapshot_win.cc(87)] thread ID 3628 not found in process
[0629/174058.754:WARNING:crash_report_exception_handler.cc(60)] ProcessSnapshotWin::Initialize failed
[0629/180000.689:ERROR:process_reader_win.cc(114)] NtOpenThread: {Access Denied} A process has requested access to an object, but has not been granted those access rights.  (0xc0000022)
[0629/180000.692:ERROR:exception_snapshot_win.cc(87)] thread ID 16196 not found in process
[0629/180000.692:WARNING:crash_report_exception_handler.cc(60)] ProcessSnapshotWin::Initialize failed
[0707/141210.202:ERROR:process_reader_win.cc(123)] NtOpenThread: {Access Denied} A process has requested access to an object, but has not been granted those access rights.  (0xc0000022)
[0707/141210.792:ERROR:exception_snapshot_win.cc(87)] thread ID 10484 not found in process
[0707/141210.792:WARNING:crash_report_exception_handler.cc(62)] ProcessSnapshotWin::Initialize failed
[0707/141210.853:ERROR:process_reader_win.cc(151)] SuspendThread: Access is denied. (0x5)
[0707/141210.867:ERROR:process_reader_win.cc(151)] SuspendThread: Access is denied. (0x5)
[0707/141210.867:ERROR:process_reader_win.cc(151)] SuspendThread: Access is denied. (0x5)
[0707/141210.867:ERROR:process_reader_win.cc(151)] SuspendThread: Access is denied. (0x5)
[0707/141210.867:ERROR:process_reader_win.cc(151)] SuspendThread: Access is denied. (0x5)
[0707/141210.867:ERROR:process_reader_win.cc(151)] SuspendThread: Access is denied. (0x5)
[0707/141210.867:ERROR:process_reader_win.cc(151)] SuspendThread: Access is denied. (0x5)
[0707/141210.867:ERROR:process_reader_win.cc(151)] SuspendThread: Access is denied. (0x5)
[0707/141210.867:ERROR:process_reader_win.cc(151)] SuspendThread: Access is denied. (0x5)
[0707/141210.867:ERROR:process_reader_win.cc(123)] NtOpenThread: {Access Denied} A process has requested access to an object, but has not been granted those access rights.  (0xc0000022)
[0707/141210.967:ERROR:exception_snapshot_win.cc(87)] thread ID 8616 not found in process
[0707/141210.967:WARNING:crash_report_exception_handler.cc(62)] ProcessSnapshotWin::Initialize failed
[0707/141215.150:ERROR:process_reader_win.cc(123)] NtOpenThread: {Access Denied} A process has requested access to an object, but has not been granted those access rights.  (0xc0000022)
[0707/141215.160:ERROR:exception_snapshot_win.cc(87)] thread ID 10628 not found in process
[0707/141215.160:WARNING:crash_report_exception_handler.cc(62)] ProcessSnapshotWin::Initialize failed
[0707/141232.427:ERROR:process_reader_win.cc(123)] NtOpenThread: {Access Denied} A process has requested access to an object, but has not been granted those access rights.  (0xc0000022)
[0707/141232.429:ERROR:exception_snapshot_win.cc(87)] thread ID 8844 not found in process
[0707/141232.429:WARNING:crash_report_exception_handler.cc(62)] ProcessSnapshotWin::Initialize failed
[0308/130839.875:ERROR:process_reader_win.cc(123)] NtOpenThread: {Access Denied} A process has requested access to an object, but has not been granted those access rights. (0xc0000022)
[0308/130839.907:ERROR:exception_snapshot_win.cc(88)] thread ID 10896 not found in process
[0308/130839.907:WARNING:crash_report_exception_handler.cc(62)] ProcessSnapshotWin::Initialize failed
[0405/185331.268:ERROR:process_reader_win.cc(123)] NtOpenThread: {Access Denied} A process has requested access to an object, but has not been granted those access rights. (0xc0000022)
[0405/185331.656:ERROR:exception_snapshot_win.cc(88)] thread ID 10556 not found in process
[0405/185331.656:WARNING:crash_report_exception_handler.cc(62)] ProcessSnapshotWin::Initialize failed
